[ 2016-08-04T11:01:30+08:00 ] ::1 /zhichis_item/zhichis/admin/menu/set_menu
INFO: [ app_init ] --START--
INFO: Run Behavior\BuildLiteBehavior [ RunTime:0.000000s ]
INFO: [ app_init ] --END-- [ RunTime:0.001000s ]
INFO: [ app_begin ] --START--
INFO: Run Behavior\ReadHtmlCacheBehavior [ RunTime:0.000000s ]
INFO: [ app_begin ] --END-- [ RunTime:0.000000s ]
NOTIC: [8] Constant appid already defined D:\web\zhichis_item\zhichis\Admin\Controller\MenuController.class.php 第 5 行.
NOTIC: [8] Constant appsecret already defined D:\web\zhichis_item\zhichis\Admin\Controller\MenuController.class.php 第 6 行.
ERR: 无法加载控制器:Menu

[ 2016-08-04T11:01:36+08:00 ] ::1 /zhichis_item/zhichis/admin/Menu/set_menu
INFO: [ app_init ] --START--
INFO: Run Behavior\BuildLiteBehavior [ RunTime:0.000000s ]
INFO: [ app_init ] --END-- [ RunTime:0.000000s ]
INFO: [ app_begin ] --START--
INFO: Run Behavior\ReadHtmlCacheBehavior [ RunTime:0.000000s ]
INFO: [ app_begin ] --END-- [ RunTime:0.000000s ]
NOTIC: [8] Constant appid already defined D:\web\zhichis_item\zhichis\Admin\Controller\MenuController.class.php 第 5 行.
NOTIC: [8] Constant appsecret already defined D:\web\zhichis_item\zhichis\Admin\Controller\MenuController.class.php 第 6 行.
ERR: 无法加载控制器:Menu

[ 2016-08-04T11:01:51+08:00 ] ::1 /zhichis_item/zhichis/admin/admin/login
INFO: [ app_init ] --START--
INFO: Run Behavior\BuildLiteBehavior [ RunTime:0.000000s ]
INFO: [ app_init ] --END-- [ RunTime:0.000000s ]
INFO: [ app_begin ] --START--
INFO: Run Behavior\ReadHtmlCacheBehavior [ RunTime:0.000000s ]
INFO: [ app_begin ] --END-- [ RunTime:0.000000s ]
INFO: [ view_parse ] --START--
INFO: [ template_filter ] --START--
INFO: Run Behavior\ContentReplaceBehavior [ RunTime:0.000000s ]
INFO: [ template_filter ] --END-- [ RunTime:0.000000s ]
INFO: Run Behavior\ParseTemplateBehavior [ RunTime:0.006000s ]
INFO: [ view_parse ] --END-- [ RunTime:0.006000s ]
INFO: [ view_filter ] --START--
INFO: Run Behavior\WriteHtmlCacheBehavior [ RunTime:0.001000s ]
INFO: [ view_filter ] --END-- [ RunTime:0.001000s ]
INFO: [ app_end ] --START--
INFO: Run Behavior\ShowPageTraceBehavior [ RunTime:0.000000s ]
INFO: [ app_end ] --END-- [ RunTime:0.000000s ]

[ 2016-08-04T11:02:08+08:00 ] ::1 /zhichis_item/zhichis/admin/Menu/set_menu
INFO: [ app_init ] --START--
INFO: Run Behavior\BuildLiteBehavior [ RunTime:0.000000s ]
INFO: [ app_init ] --END-- [ RunTime:0.000000s ]
INFO: [ app_begin ] --START--
INFO: Run Behavior\ReadHtmlCacheBehavior [ RunTime:0.001000s ]
INFO: [ app_begin ] --END-- [ RunTime:0.001000s ]
NOTIC: [8] Constant appid already defined D:\web\zhichis_item\zhichis\Admin\Controller\MenuController.class.php 第 5 行.
NOTIC: [8] Constant appsecret already defined D:\web\zhichis_item\zhichis\Admin\Controller\MenuController.class.php 第 6 行.
ERR: 无法加载控制器:Menu

[ 2016-08-04T11:02:28+08:00 ] ::1 /zhichis_item/zhichis/admin/Menu/set_menu
INFO: [ app_init ] --START--
INFO: Run Behavior\BuildLiteBehavior [ RunTime:0.000000s ]
INFO: [ app_init ] --END-- [ RunTime:0.000000s ]
INFO: [ app_begin ] --START--
INFO: Run Behavior\ReadHtmlCacheBehavior [ RunTime:0.000000s ]
INFO: [ app_begin ] --END-- [ RunTime:0.000000s ]
NOTIC: [8] Constant appid already defined D:\web\zhichis_item\zhichis\Admin\Controller\MenuController.class.php 第 5 行.
NOTIC: [8] Constant appsecret already defined D:\web\zhichis_item\zhichis\Admin\Controller\MenuController.class.php 第 6 行.
INFO: [ app_end ] --START--
INFO: Run Behavior\ShowPageTraceBehavior [ RunTime:0.002000s ]
INFO: [ app_end ] --END-- [ RunTime:0.002000s ]

[ 2016-08-04T11:07:53+08:00 ] ::1 /zhichis_item/zhichis/admin/Menu/set_menu
INFO: [ app_init ] --START--
INFO: Run Behavior\BuildLiteBehavior [ RunTime:0.000000s ]
INFO: [ app_init ] --END-- [ RunTime:0.001000s ]
INFO: [ app_begin ] --START--
INFO: Run Behavior\ReadHtmlCacheBehavior [ RunTime:0.001000s ]
INFO: [ app_begin ] --END-- [ RunTime:0.001000s ]
NOTIC: [8] Constant appid already defined D:\web\zhichis_item\zhichis\Admin\Controller\MenuController.class.php 第 5 行.
NOTIC: [8] Constant appsecret already defined D:\web\zhichis_item\zhichis\Admin\Controller\MenuController.class.php 第 6 行.
INFO: [ app_end ] --START--
INFO: Run Behavior\ShowPageTraceBehavior [ RunTime:0.002000s ]
INFO: [ app_end ] --END-- [ RunTime:0.002000s ]

